Arguments: 
  /usr/local/Cellar/node/16.5.0/bin/node /usr/local/Cellar/yarn/1.22.10/libexec/bin/yarn.js install

PATH: 
  /Users/paulinedussart/.rvm/gems/ruby-3.0.0/bin:/Users/paulinedussart/.rvm/gems/ruby-3.0.0@global/bin:/Users/paulinedussart/.rvm/rubies/ruby-3.0.0/bin:/usr/local/bin:/usr/bin:/bin:/usr/sbin:/sbin:/Users/paulinedussart/.rvm/gems/ruby-3.0.0/bin:/Users/paulinedussart/.rvm/gems/ruby-3.0.0@global/bin:/Users/paulinedussart/.rvm/rubies/ruby-3.0.0/bin:/Users/paulinedussart/.rvm/bin:/Users/paulinedussart/.rvm/bin

Yarn version: 
  1.22.10

Node version: 
  16.5.0

Platform: 
  darwin x64

Trace: 
  SyntaxError: /Users/paulinedussart/Learn_TypeScript/Exercice_1/package.json: Unexpected token } in JSON at position 317
      at JSON.parse (<anonymous>)
      at /usr/local/Cellar/yarn/1.22.10/libexec/lib/cli.js:1625:59
      at Generator.next (<anonymous>)
      at step (/usr/local/Cellar/yarn/1.22.10/libexec/lib/cli.js:310:30)
      at /usr/local/Cellar/yarn/1.22.10/libexec/lib/cli.js:321:13

npm manifest: 
  {
    "author": "Maximilian Schwarzmüller",
    "description": "",
    "name": "understanding-ts",
    "version": "1.0.0",
    "main": "app.js",
    "scripts": {
      "test": "echo \"Error: no test specified\" && exit 1",
      "start": "lite-server"
    },
    "license": "ISC",
    "devDependencies": {
      "lite-server": "^2.5.4"
    },
  }

yarn manifest: 
  No manifest

Lockfile: 
  No lockfile
